2020-06-22 14:43:29,481 [ERROR]  - An internal error occurred
java.lang.reflect.InvocationTargetException
	at org.eclipse.jface.operation.ModalContext.run(ModalContext.java:397)
	at org.eclipse.ui.internal.WorkbenchWindow.lambda$5(WorkbenchWindow.java:2368)
	at org.eclipse.swt.custom.BusyIndicator.showWhile(BusyIndicator.java:72)
	at org.eclipse.ui.internal.WorkbenchWindow.run(WorkbenchWindow.java:2366)
	at com.openedge.pdt.text.actions.editor.InsertIntoEditorAction.runInDialog(InsertIntoEditorAction.java:303)
	at com.openedge.pdt.text.actions.editor.InsertIntoEditorAction.runWithProgressMonitor(InsertIntoEditorAction.java:318)
	at com.openedge.pdt.text.actions.editor.FixIndentation.doActualWork(FixIndentation.java:155)
	at com.openedge.pdt.text.actions.editor.FixIndentation.indentPastedCode(FixIndentation.java:93)
	at com.openedge.pdt.text.actions.editor.FixIndentation.reconciled(FixIndentation.java:75)
	at com.openedge.pdt.text.editor.OESourceViewer$2$1.run(OESourceViewer.java:230)
	at org.eclipse.core.runtime.SafeRunner.run(SafeRunner.java:45)
	at com.openedge.pdt.text.editor.OESourceViewer$2.run(OESourceViewer.java:228)
	at org.eclipse.swt.widgets.RunnableLock.run(RunnableLock.java:40)
	at org.eclipse.swt.widgets.Synchronizer.runAsyncMessages(Synchronizer.java:185)
	at org.eclipse.swt.widgets.Display.runAsyncMessages(Display.java:3961)
	at org.eclipse.swt.widgets.Display.readAndDispatch(Display.java:3588)
	at org.eclipse.e4.ui.internal.workbench.swt.PartRenderingEngine$5.run(PartRenderingEngine.java:1160)
	at org.eclipse.core.databinding.observable.Realm.runWithDefault(Realm.java:338)
	at org.eclipse.e4.ui.internal.workbench.swt.PartRenderingEngine.run(PartRenderingEngine.java:1049)
	at org.eclipse.e4.ui.internal.workbench.E4Workbench.createAndRunUI(E4Workbench.java:155)
	at org.eclipse.ui.internal.Workbench.lambda$3(Workbench.java:633)
	at org.eclipse.core.databinding.observable.Realm.runWithDefault(Realm.java:338)
	at org.eclipse.ui.internal.Workbench.createAndRunWorkbench(Workbench.java:557)
	at org.eclipse.ui.PlatformUI.createAndRunWorkbench(PlatformUI.java:150)
	at org.eclipse.ui.internal.ide.application.IDEApplication.start(IDEApplication.java:150)
	at org.eclipse.equinox.internal.app.EclipseAppHandle.run(EclipseAppHandle.java:203)
	at org.eclipse.core.runtime.internal.adaptor.EclipseAppLauncher.runApplication(EclipseAppLauncher.java:137)
	at org.eclipse.core.runtime.internal.adaptor.EclipseAppLauncher.start(EclipseAppLauncher.java:107)
	at org.eclipse.core.runtime.adaptor.EclipseStarter.run(EclipseStarter.java:400)
	at org.eclipse.core.runtime.adaptor.EclipseStarter.run(EclipseStarter.java:255)
	at java.base/jdk.internal.reflect.NativeMethodAccessorImpl.invoke0(Native Method)
	at java.base/jdk.internal.reflect.NativeMethodAccessorImpl.invoke(NativeMethodAccessorImpl.java:62)
	at java.base/jdk.internal.reflect.DelegatingMethodAccessorImpl.invoke(DelegatingMethodAccessorImpl.java:43)
	at java.base/java.lang.reflect.Method.invoke(Method.java:566)
	at org.eclipse.equinox.launcher.Main.invokeFramework(Main.java:660)
	at org.eclipse.equinox.launcher.Main.basicRun(Main.java:597)
	at org.eclipse.equinox.launcher.Main.run(Main.java:1468)
	at org.eclipse.equinox.launcher.Main.main(Main.java:1441)
Caused by: java.lang.NullPointerException
	at com.openedge.pdt.text.format.tabularformatting.TabularFormattingChangeGatherer$TabularFormattingVisitor$TabularFormattingAssignVisitor.performEqualSignOperation(TabularFormattingChangeGatherer.java:132)
	at com.openedge.pdt.text.format.tabularformatting.TabularFormattingChangeGatherer$TabularFormattingVisitor$TabularFormattingAssignVisitor.visit(TabularFormattingChangeGatherer.java:176)
	at com.openedge.pdt.core.ast.SimpleToken.accept(SimpleToken.java:23)
	at com.openedge.pdt.core.ast.ASTNode.acceptChildren(ASTNode.java:336)
	at com.openedge.pdt.core.ast.SimpleToken.accept(SimpleToken.java:25)
	at com.openedge.pdt.core.ast.ASTNode.acceptChildren(ASTNode.java:336)
	at com.openedge.pdt.core.ast.SimpleToken.accept(SimpleToken.java:25)
	at com.openedge.pdt.text.format.tabularformatting.TabularFormattingChangeGatherer$TabularFormattingVisitor.getChanges(TabularFormattingChangeGatherer.java:607)
	at com.openedge.pdt.text.format.tabularformatting.TabularFormattingChangeGatherer.getFormatChanges(TabularFormattingChangeGatherer.java:833)
	at com.openedge.pdt.text.actions.editor.FixIndentation$IndentAndTabularFormatter.getFormattingChanges(FixIndentation.java:196)
	at com.openedge.pdt.text.actions.editor.FixIndentation$IndentAndTabularFormatter.getFormatChanges(FixIndentation.java:179)
	at com.openedge.pdt.text.actions.editor.InsertIntoEditorAction$1.getDocTextChanges(InsertIntoEditorAction.java:357)
	at com.openedge.pdt.text.actions.editor.InsertIntoEditorAction$1.run(InsertIntoEditorAction.java:378)
	at org.eclipse.jface.operation.ModalContext$ModalContextThread.run(ModalContext.java:122)
2020-06-22 14:45:37,438 [ERROR]  - An internal error occurred
java.lang.reflect.InvocationTargetException
	at org.eclipse.jface.operation.ModalContext.run(ModalContext.java:397)
	at org.eclipse.ui.internal.WorkbenchWindow.lambda$5(WorkbenchWindow.java:2368)
	at org.eclipse.swt.custom.BusyIndicator.showWhile(BusyIndicator.java:72)
	at org.eclipse.ui.internal.WorkbenchWindow.run(WorkbenchWindow.java:2366)
	at com.openedge.pdt.text.actions.editor.InsertIntoEditorAction.runInDialog(InsertIntoEditorAction.java:303)
	at com.openedge.pdt.text.actions.editor.InsertIntoEditorAction.runWithProgressMonitor(InsertIntoEditorAction.java:318)
	at com.openedge.pdt.text.actions.editor.FixIndentation.doActualWork(FixIndentation.java:155)
	at com.openedge.pdt.text.actions.editor.FixIndentation.indentPastedCode(FixIndentation.java:93)
	at com.openedge.pdt.text.actions.editor.FixIndentation.reconciled(FixIndentation.java:75)
	at com.openedge.pdt.text.editor.OESourceViewer$2$1.run(OESourceViewer.java:230)
	at org.eclipse.core.runtime.SafeRunner.run(SafeRunner.java:45)
	at com.openedge.pdt.text.editor.OESourceViewer$2.run(OESourceViewer.java:228)
	at org.eclipse.swt.widgets.RunnableLock.run(RunnableLock.java:40)
	at org.eclipse.swt.widgets.Synchronizer.runAsyncMessages(Synchronizer.java:185)
	at org.eclipse.swt.widgets.Display.runAsyncMessages(Display.java:3961)
	at org.eclipse.swt.widgets.Display.readAndDispatch(Display.java:3588)
	at org.eclipse.e4.ui.internal.workbench.swt.PartRenderingEngine$5.run(PartRenderingEngine.java:1160)
	at org.eclipse.core.databinding.observable.Realm.runWithDefault(Realm.java:338)
	at org.eclipse.e4.ui.internal.workbench.swt.PartRenderingEngine.run(PartRenderingEngine.java:1049)
	at org.eclipse.e4.ui.internal.workbench.E4Workbench.createAndRunUI(E4Workbench.java:155)
	at org.eclipse.ui.internal.Workbench.lambda$3(Workbench.java:633)
	at org.eclipse.core.databinding.observable.Realm.runWithDefault(Realm.java:338)
	at org.eclipse.ui.internal.Workbench.createAndRunWorkbench(Workbench.java:557)
	at org.eclipse.ui.PlatformUI.createAndRunWorkbench(PlatformUI.java:150)
	at org.eclipse.ui.internal.ide.application.IDEApplication.start(IDEApplication.java:150)
	at org.eclipse.equinox.internal.app.EclipseAppHandle.run(EclipseAppHandle.java:203)
	at org.eclipse.core.runtime.internal.adaptor.EclipseAppLauncher.runApplication(EclipseAppLauncher.java:137)
	at org.eclipse.core.runtime.internal.adaptor.EclipseAppLauncher.start(EclipseAppLauncher.java:107)
	at org.eclipse.core.runtime.adaptor.EclipseStarter.run(EclipseStarter.java:400)
	at org.eclipse.core.runtime.adaptor.EclipseStarter.run(EclipseStarter.java:255)
	at java.base/jdk.internal.reflect.NativeMethodAccessorImpl.invoke0(Native Method)
	at java.base/jdk.internal.reflect.NativeMethodAccessorImpl.invoke(NativeMethodAccessorImpl.java:62)
	at java.base/jdk.internal.reflect.DelegatingMethodAccessorImpl.invoke(DelegatingMethodAccessorImpl.java:43)
	at java.base/java.lang.reflect.Method.invoke(Method.java:566)
	at org.eclipse.equinox.launcher.Main.invokeFramework(Main.java:660)
	at org.eclipse.equinox.launcher.Main.basicRun(Main.java:597)
	at org.eclipse.equinox.launcher.Main.run(Main.java:1468)
	at org.eclipse.equinox.launcher.Main.main(Main.java:1441)
Caused by: java.lang.NullPointerException
	at com.openedge.pdt.text.format.tabularformatting.TabularFormattingChangeGatherer$TabularFormattingVisitor$TabularFormattingAssignVisitor.performEqualSignOperation(TabularFormattingChangeGatherer.java:132)
	at com.openedge.pdt.text.format.tabularformatting.TabularFormattingChangeGatherer$TabularFormattingVisitor$TabularFormattingAssignVisitor.visit(TabularFormattingChangeGatherer.java:176)
	at com.openedge.pdt.core.ast.SimpleToken.accept(SimpleToken.java:23)
	at com.openedge.pdt.core.ast.ASTNode.acceptChildren(ASTNode.java:336)
	at com.openedge.pdt.core.ast.SimpleToken.accept(SimpleToken.java:25)
	at com.openedge.pdt.core.ast.ASTNode.acceptChildren(ASTNode.java:336)
	at com.openedge.pdt.core.ast.SimpleToken.accept(SimpleToken.java:25)
	at com.openedge.pdt.text.format.tabularformatting.TabularFormattingChangeGatherer$TabularFormattingVisitor.getChanges(TabularFormattingChangeGatherer.java:607)
	at com.openedge.pdt.text.format.tabularformatting.TabularFormattingChangeGatherer.getFormatChanges(TabularFormattingChangeGatherer.java:833)
	at com.openedge.pdt.text.actions.editor.FixIndentation$IndentAndTabularFormatter.getFormattingChanges(FixIndentation.java:196)
	at com.openedge.pdt.text.actions.editor.FixIndentation$IndentAndTabularFormatter.getFormatChanges(FixIndentation.java:179)
	at com.openedge.pdt.text.actions.editor.InsertIntoEditorAction$1.getDocTextChanges(InsertIntoEditorAction.java:357)
	at com.openedge.pdt.text.actions.editor.InsertIntoEditorAction$1.run(InsertIntoEditorAction.java:378)
	at org.eclipse.jface.operation.ModalContext$ModalContextThread.run(ModalContext.java:122)
