
17:38:51
1
  Item Name:  Fins
 Cat-Descript:These real shark-skin fins will knock 'em
              dead at the beach.  They'll see you
              coming from miles away while you're
              wearing the Original "Fins" by Bench/Lee.

original price =                  24.0
 - new price =                25.2
17:38:51
2
  Item Name:  Tennis Racquet
 Cat-Descript:Use what the Pros use.  Specify Graphite,
              Non-Rainforest Wood, or Aluminum.



original price =                 119.5
 - new price =                125.48
17:38:51
3
  Item Name:  Golf Umbrella
 Cat-Descript:Keep your cool with this Progress golf
              umbrella.



original price =                  16.5
 - new price =                17.38
17:38:51
4
  Item Name:  Cycle Helmet
 Cat-Descript:ANSI, ASCII, VHS, TCP/IP approved Cycle
              Helmets.  You'll be styling around town
              in no time.  Safety First with the
              official Cycle Helmet of the Iowa Racing
              Team.
original price =                  75.0
 - new price =                78.75
17:38:51
5
  Item Name:  Leotard - Black
 Cat-Descript:The sports unitard is one piece in
              cotton/Lycra spandex.  Scooped tank front
              and racer back.


original price =                  19.9
 - new price =                20.95
17:38:51
6
  Item Name:  Ski Poles
 Cat-Descript:Graphite ski poles. A great addition to
              your ski arsenal.  Priced to sell!



original price =                  27.5
 - new price =                28.88
17:38:51
7
  Item Name:  Buoyancy Vest
 Cat-Descript:Stay afloat with your own helium buoyancy
              vest.



original price =                 125.0
 - new price =                131.25
17:38:51
8
  Item Name:  Runner's Vest
 Cat-Descript:Whether it's a quick jog or a long run,
              this vest is a must.



original price =                  19.8
 - new price =                20.84
17:38:51
9
  Item Name:  Swim Goggles
 Cat-Descript:Now where did I put those?  These goggles
              will never get lost.  They come with
              their own strap.


original price =                  18.0
 - new price =                18.9
17:38:51
10
  Item Name:  Duffel  Bag
 Cat-Descript:'Powered By Progress' duffel bag comes in
              aqua, purple and black.



original price =                  50.0
 - new price =                52.5
17:38:51
11
  Item Name:  Tent
 Cat-Descript:Made of light nylon, this tent is the
              perfect weight to take  hiking.



original price =                 134.0
 - new price =                140.7
17:38:51
12
  Item Name:  Sled
 Cat-Descript:Slide into fun with this one person sled.




original price =                  34.0
 - new price =                35.7
17:38:51
13
  Item Name:  Fishing Pole
 Cat-Descript:Don't let the "Big One" get away! This
              fresh water pole is great for lake
              fishing..


original price =                  50.9
 - new price =                53.54
17:38:51
14
  Item Name:  Knee Guards
 Cat-Descript:Great for gardening.  Great for Hockey.




original price =                  15.0
 - new price =                15.75
17:38:51
15
  Item Name:  Football Helmet
 Cat-Descript:Available in a variety of colors..




original price =                  45.0
 - new price =                47.25
17:38:51
16
  Item Name:  Baseball Bat
 Cat-Descript:This one's a real slugger.  You'll crack
              them out of the park with this one.



original price =                  13.9
 - new price =                14.65
17:38:51
17
  Item Name:  Tennis Balls
 Cat-Descript:Three to a package. Available in white or
              florescent yellow.



original price =                   5.9
 - new price =                6.25
17:38:51
18
  Item Name:  Wet Suit
 Cat-Descript:This one piece, rubber suit will keep
              your warm in those chilly seas.  Great
              for diving and surfing.


original price =                 225.0
 - new price =                236.25
17:38:51
19
  Item Name:  Ski Wax - Red
 Cat-Descript:To get more out of your skis make sure
              you apply ample amounts of wax.



original price =                   2.7
 - new price =                2.89
17:38:51
20
  Item Name:  Snow Shoes
 Cat-Descript:They're for Nordic events!  No, they're
              for Alpine events! Actually, they're
              great for both!


original price =                 225.0
 - new price =                236.25
17:38:51
21
  Item Name:  Ski Bindings
 Cat-Descript:Compatible with most major vendors' Skis,
              these sure grip bindings are the best way
              to get the best performance on the
              slopes.

original price =                  56.5
 - new price =                59.33
17:38:51
22
  Item Name:  Eight Pound Weight
 Cat-Descript:Also available in 2, 5, and 10 lbs




original price =                  10.0
 - new price =                10.5
17:38:51
23
  Item Name:  Ski Hat
 Cat-Descript:Made of cotton, comes in pink and blue.




original price =                  10.9
 - new price =                11.54
17:38:51
24
  Item Name:  Snorkel
 Cat-Descript:On the reef or in a lake, the
              Ultra-Snorkel by AirWaves will take your
              breath away.


original price =                  13.9
 - new price =                14.65
17:38:51
25
  Item Name:  Ski boots
 Cat-Descript:Ski Boots are available in the following
              colors: blue, red, black, or  white.



original price =                 121.0
 - new price =                127.05
17:38:51
26
  Item Name:  Catchers Mit
 Cat-Descript:Available in small, medium, and large.




original price =                   4.9
 - new price =                5.24
17:38:51
27
  Item Name:  Parka
 Cat-Descript:Field tested by the Navy in Antarctica.




original price =                  98.0
 - new price =                102.9
17:38:51
28
  Item Name:  Ski Gloves
 Cat-Descript:Cozy inside because it keeps the cold
              outside. These goves are also water
              resistant and lined.


original price =                  23.0
 - new price =                24.15
17:38:51
29
  Item Name:  Gloves
 Cat-Descript:You will wecome the cold winter days,
              when you have these thermal gloves.



original price =                  13.5
 - new price =                14.18
17:38:51
30
  Item Name:  Wind Surfer
 Cat-Descript:Out for a day of Surfing? Skim the waves
              in style with this wind surfer.



original price =                  42.7
 - new price =                44.89
17:38:51
31
  Item Name:  Water Polo Ball
 Cat-Descript:This ball is the official weight and size
              for water polo.



original price =                  31.0
 - new price =                32.55
17:38:51
32
  Item Name:  Water Polo Net
 Cat-Descript:Deluxe water polo net is perfect for your
              next game!



original price =                  89.9
 - new price =                94.49
17:38:51
33
  Item Name:  Tennis Shorts
 Cat-Descript:Available in traditional white, blue,
              tan, green, or pink.



original price =                  13.9
 - new price =                14.69
17:38:51
34
  Item Name:  In-line Skates
 Cat-Descript:Used by champions, these in-line skates
              stands apart from the rest.



original price =                  24.2
 - new price =                25.48
17:38:51
35
  Item Name:  Volleyball
 Cat-Descript:Light weight yet durable this volleyball
              will meet the challenge.



original price =                  12.7
 - new price =                13.43
17:38:51
36
  Item Name:  Soccer ball
 Cat-Descript:This is the best soccer ball available.




original price =                  15.5
 - new price =                16.29
17:38:51
37
  Item Name:  Football
 Cat-Descript:Made from genuine pigskin, this football
              is top of the line.



original price =                  12.5
 - new price =                13.13
17:38:51
38
  Item Name:  Sailboat
 Cat-Descript:The boat has a fiberglass hull and multi
              colored sail.



original price =               2,500.0
 - new price =                2625
17:38:51
39
  Item Name:  Baseball
 Cat-Descript:Hit a home run with this baseball.




original price =                  34.0
 - new price =                35.7
17:38:51
40
  Item Name:  Ice Skates
 Cat-Descript:Ice Skates are available in sizes from 6
              to 11.



original price =                  61.0
 - new price =                64.05
17:38:51
41
  Item Name:  Kayak
 Cat-Descript:Ride the rapids with this one person
              Kayak.



original price =               1,500.0
 - new price =                1575
17:38:51
42
  Item Name:  Hockey Stick
 Cat-Descript:Made with a sure grip, you'll feel like a
              pro with this hockey stick.



original price =                  37.0
 - new price =                38.85
17:38:51
43
  Item Name:  Exercise Mat
 Cat-Descript:Sit ups are fun and easy with this
              exercise mat.



original price =                  13.9
 - new price =                14.67
17:38:51
44
  Item Name:  Fishing Lure
 Cat-Descript:You'll be catching more fish than ever
              before with this deluxe green and yellow
              fishing lure.


original price =                   3.9
 - new price =                4.19
17:38:51
45
  Item Name:  Golf shoes
 Cat-Descript:Available golf shoe sizes are 5, 5.5, 6,
              6.5, 7, 7.5, 8, 8.5, 9, 9.5, 10, 10.5,
              and 11.


original price =                  81.0
 - new price =                85.05
17:38:51
46
  Item Name:  Golf clubs
 Cat-Descript:A carrying case is included with the
              purchase of a full set of golf clubs.
              The actual color of the case may vary
              from store to store.

original price =                 317.0
 - new price =                332.85
17:38:51
47
  Item Name:  Golf balls
 Cat-Descript:The package contains three deluxe golf
              balls.



original price =                  11.7
 - new price =                12.36
17:38:51
48
  Item Name:  Polo Ball
 Cat-Descript:Your game of Polo is not complete without
              this deluxe Polo ball.



original price =                  42.0
 - new price =                44.1
17:38:51
49
  Item Name:  Baseball Helmet
 Cat-Descript:The helmet comes in a variety of colors
              and sizes.



original price =                   6.7
 - new price =                7.12
17:38:51
50
  Item Name:  Croquet mallets
 Cat-Descript:Deluxe croquet mallets are made from
              solid wood, and they come complete with a
              storage case.


original price =                  13.9
 - new price =                14.69
17:38:51
51
  Item Name:  Archery Bow
 Cat-Descript:Get right on target with this deluxe
              archery bow.



original price =                  14.7
 - new price =                15.52
17:38:51
52
  Item Name:  Croquet ball
 Cat-Descript:This Croquet ball is made from solid
              wood.



original price =                   3.6
 - new price =                3.87
17:38:51
53
  Item Name:  Swimming Trunks
 Cat-Descript:Men's swimming trunks are available in
              red, blue, white, black, and green.



original price =                   8.7
 - new price =                9.21
17:38:51
54
  Item Name:  Canoe
 Cat-Descript:Made of wood, this canoe is designed for
              two people.



original price =                 499.9
 - new price =                524.99
17:38:51
55
  Item Name:  Surfboard
 Cat-Descript:For freestyle or competition,  ride the
              waves with this deluxe surf board.



original price =                 319.8
 - new price =                335.84
